2019-07-23 21:26:46.380  INFO 14344 --- [restartedMain] com.spring.demo.SpringDemoApplication    : Starting SpringDemoApplication on LAPTOP-3LI60ONB with PID 14344 (started by Eric Chen in C:\Users\Eric Chen\eclipse-workspace\springUdemy_08_thymeleaf_Demo)
2019-07-23 21:26:46.386 DEBUG 14344 --- [restartedMain] com.spring.demo.SpringDemoApplication    : Running with Spring Boot v2.1.6.RELEASE, Spring v5.1.8.RELEASE
2019-07-23 21:26:46.386  INFO 14344 --- [restartedMain] com.spring.demo.SpringDemoApplication    : The following profiles are active: uat
2019-07-23 21:26:46.432  INFO 14344 --- [restartedMain] .e.DevToolsPropertyDefaultsPostProcessor : Devtools property defaults active! Set 'spring.devtools.add-properties' to 'false' to disable
2019-07-23 21:26:46.433  INFO 14344 --- [restartedMain] .e.DevToolsPropertyDefaultsPostProcessor : For additional web related logging consider setting the 'logging.level.web' property to 'DEBUG'
2019-07-23 21:26:47.268  INFO 14344 --- [restartedMain] .s.d.r.c.RepositoryConfigurationDelegate : Bootstrapping Spring Data repositories in DEFAULT mode.
2019-07-23 21:26:47.337  INFO 14344 --- [restartedMain] .s.d.r.c.RepositoryConfigurationDelegate : Finished Spring Data repository scanning in 59ms. Found 1 repository interfaces.
2019-07-23 21:26:47.733  INFO 14344 --- [restartedMain] trationDelegate$BeanPostProcessorChecker : Bean 'org.springframework.transaction.annotation.ProxyTransactionManagementConfiguration' of type [org.springframework.transaction.annotation.ProxyTransactionManagementConfiguration$$EnhancerBySpringCGLIB$$23d5768a] is not eligible for getting processed by all BeanPostProcessors (for example: not eligible for auto-proxying)
2019-07-23 21:26:48.121  INFO 14344 --- [restartedMain] o.s.b.w.embedded.tomcat.TomcatWebServer  : Tomcat initialized with port(s): 8080 (http)
2019-07-23 21:26:48.146  INFO 14344 --- [restartedMain] o.apache.catalina.core.StandardService   : Starting service [Tomcat]
2019-07-23 21:26:48.147  INFO 14344 --- [restartedMain] org.apache.catalina.core.StandardEngine  : Starting Servlet Engine: Apache Tomcat/8.5.38
2019-07-23 21:26:48.450  INFO 14344 --- [localhost-startStop-1] org.apache.jasper.servlet.TldScanner     : At least one JAR was scanned for TLDs yet contained no TLDs. Enable debug logging for this logger for a complete list of JARs that were scanned but no TLDs were found in them. Skipping unneeded JARs during scanning can improve startup time and JSP compilation time.
2019-07-23 21:26:48.455  INFO 14344 --- [localhost-startStop-1] o.a.c.c.C.[Tomcat].[localhost].[/]       : Initializing Spring embedded WebApplicationContext
2019-07-23 21:26:48.456  INFO 14344 --- [localhost-startStop-1] o.s.web.context.ContextLoader            : Root WebApplicationContext: initialization completed in 2023 ms
2019-07-23 21:26:48.663  INFO 14344 --- [restartedMain] com.zaxxer.hikari.HikariDataSource       : HikariPool-1 - Starting...
2019-07-23 21:26:49.045  INFO 14344 --- [restartedMain] com.zaxxer.hikari.HikariDataSource       : HikariPool-1 - Start completed.
2019-07-23 21:26:49.115  INFO 14344 --- [restartedMain] o.hibernate.jpa.internal.util.LogHelper  : HHH000204: Processing PersistenceUnitInfo [
	name: default
	...]
2019-07-23 21:26:49.240  INFO 14344 --- [restartedMain] org.hibernate.Version                    : HHH000412: Hibernate Core {5.3.10.Final}
2019-07-23 21:26:49.242  INFO 14344 --- [restartedMain] org.hibernate.cfg.Environment            : HHH000206: hibernate.properties not found
2019-07-23 21:26:49.446  INFO 14344 --- [restartedMain] o.hibernate.annotations.common.Version   : HCANN000001: Hibernate Commons Annotations {5.0.4.Final}
2019-07-23 21:26:49.621  INFO 14344 --- [restartedMain] org.hibernate.dialect.Dialect            : HHH000400: Using dialect: org.hibernate.dialect.MySQL5Dialect
2019-07-23 21:26:50.257  INFO 14344 --- [restartedMain] j.LocalContainerEntityManagerFactoryBean : Initialized JPA EntityManagerFactory for persistence unit 'default'
2019-07-23 21:26:50.314  INFO 14344 --- [restartedMain] o.s.b.d.a.OptionalLiveReloadServer       : LiveReload server is running on port 35729
2019-07-23 21:26:50.613  INFO 14344 --- [restartedMain] o.h.h.i.QueryTranslatorFactoryInitiator  : HHH000397: Using ASTQueryTranslatorFactory
2019-07-23 21:26:51.002  INFO 14344 --- [restartedMain] o.s.s.concurrent.ThreadPoolTaskExecutor  : Initializing ExecutorService 'applicationTaskExecutor'
2019-07-23 21:26:51.053  WARN 14344 --- [restartedMain] aWebConfiguration$JpaWebMvcConfiguration : spring.jpa.open-in-view is enabled by default. Therefore, database queries may be performed during view rendering. Explicitly configure spring.jpa.open-in-view to disable this warning
2019-07-23 21:26:51.313  INFO 14344 --- [restartedMain] o.s.b.w.embedded.tomcat.TomcatWebServer  : Tomcat started on port(s): 8080 (http) with context path ''
2019-07-23 21:26:51.317  INFO 14344 --- [restartedMain] com.spring.demo.SpringDemoApplication    : Started SpringDemoApplication in 5.368 seconds (JVM running for 6.342)
2019-07-23 22:00:57.356  INFO 14344 --- [RMI TCP Connection(2)-127.0.0.1] inMXBeanRegistrar$SpringApplicationAdmin : Application shutdown requested.
2019-07-23 22:00:57.364  INFO 14344 --- [RMI TCP Connection(2)-127.0.0.1] o.s.s.concurrent.ThreadPoolTaskExecutor  : Shutting down ExecutorService 'applicationTaskExecutor'
2019-07-23 22:00:57.366  INFO 14344 --- [RMI TCP Connection(2)-127.0.0.1] j.LocalContainerEntityManagerFactoryBean : Closing JPA EntityManagerFactory for persistence unit 'default'
2019-07-23 22:00:57.373  INFO 14344 --- [RMI TCP Connection(2)-127.0.0.1] com.zaxxer.hikari.HikariDataSource       : HikariPool-1 - Shutdown initiated...
2019-07-23 22:00:57.385  INFO 14344 --- [RMI TCP Connection(2)-127.0.0.1] com.zaxxer.hikari.HikariDataSource       : HikariPool-1 - Shutdown completed.
2019-07-23 22:01:06.725  INFO 17936 --- [restartedMain] com.spring.demo.SpringDemoApplication    : Starting SpringDemoApplication on LAPTOP-3LI60ONB with PID 17936 (started by Eric Chen in C:\Users\Eric Chen\eclipse-workspace\springUdemy_08_thymeleaf_Demo)
2019-07-23 22:01:06.728 DEBUG 17936 --- [restartedMain] com.spring.demo.SpringDemoApplication    : Running with Spring Boot v2.1.6.RELEASE, Spring v5.1.8.RELEASE
2019-07-23 22:01:06.728  INFO 17936 --- [restartedMain] com.spring.demo.SpringDemoApplication    : The following profiles are active: uat
2019-07-23 22:01:06.775  INFO 17936 --- [restartedMain] .e.DevToolsPropertyDefaultsPostProcessor : Devtools property defaults active! Set 'spring.devtools.add-properties' to 'false' to disable
2019-07-23 22:01:06.776  INFO 17936 --- [restartedMain] .e.DevToolsPropertyDefaultsPostProcessor : For additional web related logging consider setting the 'logging.level.web' property to 'DEBUG'
2019-07-23 22:01:07.461  INFO 17936 --- [restartedMain] .s.d.r.c.RepositoryConfigurationDelegate : Bootstrapping Spring Data repositories in DEFAULT mode.
2019-07-23 22:01:07.548  INFO 17936 --- [restartedMain] .s.d.r.c.RepositoryConfigurationDelegate : Finished Spring Data repository scanning in 77ms. Found 1 repository interfaces.
2019-07-23 22:01:07.986  INFO 17936 --- [restartedMain] trationDelegate$BeanPostProcessorChecker : Bean 'org.springframework.transaction.annotation.ProxyTransactionManagementConfiguration' of type [org.springframework.transaction.annotation.ProxyTransactionManagementConfiguration$$EnhancerBySpringCGLIB$$98985438] is not eligible for getting processed by all BeanPostProcessors (for example: not eligible for auto-proxying)
2019-07-23 22:01:08.336  INFO 17936 --- [restartedMain] o.s.b.w.embedded.tomcat.TomcatWebServer  : Tomcat initialized with port(s): 8080 (http)
2019-07-23 22:01:08.363  INFO 17936 --- [restartedMain] o.apache.catalina.core.StandardService   : Starting service [Tomcat]
2019-07-23 22:01:08.364  INFO 17936 --- [restartedMain] org.apache.catalina.core.StandardEngine  : Starting Servlet Engine: Apache Tomcat/8.5.38
2019-07-23 22:01:08.659  INFO 17936 --- [localhost-startStop-1] org.apache.jasper.servlet.TldScanner     : At least one JAR was scanned for TLDs yet contained no TLDs. Enable debug logging for this logger for a complete list of JARs that were scanned but no TLDs were found in them. Skipping unneeded JARs during scanning can improve startup time and JSP compilation time.
2019-07-23 22:01:08.665  INFO 17936 --- [localhost-startStop-1] o.a.c.c.C.[Tomcat].[localhost].[/]       : Initializing Spring embedded WebApplicationContext
2019-07-23 22:01:08.666  INFO 17936 --- [localhost-startStop-1] o.s.web.context.ContextLoader            : Root WebApplicationContext: initialization completed in 1890 ms
2019-07-23 22:01:08.828  INFO 17936 --- [restartedMain] com.zaxxer.hikari.HikariDataSource       : HikariPool-1 - Starting...
2019-07-23 22:01:09.087  INFO 17936 --- [restartedMain] com.zaxxer.hikari.HikariDataSource       : HikariPool-1 - Start completed.
2019-07-23 22:01:09.133  INFO 17936 --- [restartedMain] o.hibernate.jpa.internal.util.LogHelper  : HHH000204: Processing PersistenceUnitInfo [
	name: default
	...]
2019-07-23 22:01:09.195  INFO 17936 --- [restartedMain] org.hibernate.Version                    : HHH000412: Hibernate Core {5.3.10.Final}
2019-07-23 22:01:09.197  INFO 17936 --- [restartedMain] org.hibernate.cfg.Environment            : HHH000206: hibernate.properties not found
2019-07-23 22:01:09.318  INFO 17936 --- [restartedMain] o.hibernate.annotations.common.Version   : HCANN000001: Hibernate Commons Annotations {5.0.4.Final}
2019-07-23 22:01:09.446  INFO 17936 --- [restartedMain] org.hibernate.dialect.Dialect            : HHH000400: Using dialect: org.hibernate.dialect.MySQL5Dialect
2019-07-23 22:01:10.039  INFO 17936 --- [restartedMain] j.LocalContainerEntityManagerFactoryBean : Initialized JPA EntityManagerFactory for persistence unit 'default'
2019-07-23 22:01:10.083  INFO 17936 --- [restartedMain] o.s.b.d.a.OptionalLiveReloadServer       : LiveReload server is running on port 35729
2019-07-23 22:01:10.356  INFO 17936 --- [restartedMain] o.h.h.i.QueryTranslatorFactoryInitiator  : HHH000397: Using ASTQueryTranslatorFactory
2019-07-23 22:01:10.705  INFO 17936 --- [restartedMain] o.s.s.concurrent.ThreadPoolTaskExecutor  : Initializing ExecutorService 'applicationTaskExecutor'
2019-07-23 22:01:10.744  WARN 17936 --- [restartedMain] aWebConfiguration$JpaWebMvcConfiguration : spring.jpa.open-in-view is enabled by default. Therefore, database queries may be performed during view rendering. Explicitly configure spring.jpa.open-in-view to disable this warning
2019-07-23 22:01:11.075  INFO 17936 --- [restartedMain] o.s.b.w.embedded.tomcat.TomcatWebServer  : Tomcat started on port(s): 8080 (http) with context path ''
2019-07-23 22:01:11.079  INFO 17936 --- [restartedMain] com.spring.demo.SpringDemoApplication    : Started SpringDemoApplication in 4.814 seconds (JVM running for 5.738)
2019-07-23 22:01:15.968  INFO 17936 --- [http-nio-8080-exec-2] o.a.c.c.C.[Tomcat].[localhost].[/]       : Initializing Spring DispatcherServlet 'dispatcherServlet'
2019-07-23 22:01:15.969  INFO 17936 --- [http-nio-8080-exec-2] o.s.web.servlet.DispatcherServlet        : Initializing Servlet 'dispatcherServlet'
2019-07-23 22:01:15.984  INFO 17936 --- [http-nio-8080-exec-2] o.s.web.servlet.DispatcherServlet        : Completed initialization in 15 ms
2019-07-23 22:12:00.855  INFO 17936 --- [RMI TCP Connection(2)-127.0.0.1] inMXBeanRegistrar$SpringApplicationAdmin : Application shutdown requested.
2019-07-23 22:12:00.862  INFO 17936 --- [RMI TCP Connection(2)-127.0.0.1] o.s.s.concurrent.ThreadPoolTaskExecutor  : Shutting down ExecutorService 'applicationTaskExecutor'
2019-07-23 22:12:00.864  INFO 17936 --- [RMI TCP Connection(2)-127.0.0.1] j.LocalContainerEntityManagerFactoryBean : Closing JPA EntityManagerFactory for persistence unit 'default'
2019-07-23 22:12:00.874  INFO 17936 --- [RMI TCP Connection(2)-127.0.0.1] com.zaxxer.hikari.HikariDataSource       : HikariPool-1 - Shutdown initiated...
2019-07-23 22:12:00.882  INFO 17936 --- [RMI TCP Connection(2)-127.0.0.1] com.zaxxer.hikari.HikariDataSource       : HikariPool-1 - Shutdown completed.
